<?xml version="1.0" encoding="UTF-8" ?>
<testsuite tests="17" failures="3" name="ArvatoTst.RunCucumberTest" time="61.729" errors="0" skipped="0">
  <properties>
[...]
</properties>
  <testcase classname="View company contacts" name="contact information" time="28.486">
    <failure message="Facebook icon click should open facebook.com" type="java.lang.AssertionError">java.lang.AssertionError: Facebook icon click should open facebook.com
	at org.junit.Assert.fail(Assert.java:88)
	at ArvatoTst.StepDefs.should_be_able_to_navigate_to_company_social_media(StepDefs.java:133)
	at ✽.should be able to navigate to company social media(classpath:ArvatoTst/company_contacts.feature:10)
</failure>
    <system-err>Oct 01, 2019 1:25:17 AM com.codeborne.selenide.drivercommands.LazyDriver getAndCheckWebDriver
INFO: No webdriver is bound to current thread: 1 - let&apos;s create a new webdriver
SLF4J: Failed to load class &quot;org.slf4j.impl.StaticLoggerBinder&quot;.
SLF4J: Defaulting to no-operation (NOP) logger implementation
SLF4J: See http://www.slf4j.org/codes.html#StaticLoggerBinder for further details.
Starting ChromeDriver 77.0.3865.40 (f484704e052e0b556f8030b65b953dce96503217-refs/branch-heads/3865@{#442}) on port 34365
Only local connections are allowed.
Please protect ports used by ChromeDriver and related test frameworks to prevent access by malicious code.
[1569885921.896][WARNING]: Timed out connecting to Chrome, retrying...
Oct 01, 2019 1:25:23 AM org.openqa.selenium.remote.ProtocolHandshake createSession
INFO: Detected dialect: W3C
Oct 01, 2019 1:25:24 AM com.codeborne.selenide.webdriver.BrowserResizer adjustBrowserSize
INFO: Set browser size to 1366x768
[1569885926.025][WARNING]: Timed out connecting to Chrome, retrying...
Oct 01, 2019 1:25:28 AM com.codeborne.selenide.webdriver.WebDriverFactory logBrowserVersion
INFO: BrowserName=chrome Version=77.0.3865.90 Platform=XP
Oct 01, 2019 1:25:28 AM com.codeborne.selenide.webdriver.WebDriverFactory createWebDriver
INFO: Selenide v. 5.3.1
Oct 01, 2019 1:25:28 AM com.codeborne.selenide.webdriver.WebDriverFactory logSeleniumInfo
INFO: Selenium WebDriver v. 3.141.59 build time: 2018-11-14T08:17:03
Oct 01, 2019 1:25:28 AM com.codeborne.selenide.drivercommands.CreateDriverCommand createDriver
INFO: Create webdriver in current thread 1: ChromeDriver -&gt; ChromeDriver: chrome on XP (1644458fb0ca20c62930c67d2a2fc79f)
[1569885938.930][WARNING]: Timed out connecting to Chrome, retrying...
</system-err>
  </testcase>
  <testcase classname="View company contacts" name="contact information" time="10.625">
    <failure message="Facebook icon click should open facebook.com" type="java.lang.AssertionError">java.lang.AssertionError: Facebook icon click should open facebook.com
	at org.junit.Assert.fail(Assert.java:88)
	at ArvatoTst.StepDefs.should_be_able_to_navigate_to_company_social_media(StepDefs.java:133)
	at ✽.should be able to navigate to company social media(classpath:ArvatoTst/company_contacts.feature:10)
</failure>
  </testcase>
  <testcase classname="REST service tests" name="create" time="2.978"/>
  <testcase classname="REST service tests" name="create" time="0.228"/>
  <testcase classname="REST service tests" name="create" time="0.285">
    <failure message="1 expectation failed.
Expected status code &lt;200&gt; but was &lt;404&gt;.
" type="java.lang.AssertionError">java.lang.AssertionError: 1 expectation failed.
Expected status code &lt;200&gt; but was &lt;404&gt;.

	at java.base/jdk.internal.reflect.NativeConstructorAccessorImpl.newInstance0(Native Method)
	at java.base/jdk.internal.reflect.NativeConstructorAccessorImpl.newInstance(NativeConstructorAccessorImpl.java:62)
	at java.base/jdk.internal.reflect.DelegatingConstructorAccessorImpl.newInstance(DelegatingConstructorAccessorImpl.java:45)
	at java.base/java.lang.reflect.Constructor.newInstanceWithCaller(Constructor.java:500)
	at java.base/java.lang.reflect.Constructor.newInstance(Constructor.java:481)
	at org.codehaus.groovy.reflection.CachedConstructor.invoke(CachedConstructor.java:80)
	at org.codehaus.groovy.reflection.CachedConstructor.doConstructorInvoke(CachedConstructor.java:74)
	at org.codehaus.groovy.runtime.callsite.ConstructorSite$ConstructorSiteNoUnwrap.callConstructor(ConstructorSite.java:84)
	at org.codehaus.groovy.runtime.callsite.CallSiteArray.defaultCallConstructor(CallSiteArray.java:59)
	at org.codehaus.groovy.runtime.callsite.AbstractCallSite.callConstructor(AbstractCallSite.java:237)
	at org.codehaus.groovy.runtime.callsite.AbstractCallSite.callConstructor(AbstractCallSite.java:249)
	at io.restassured.internal.ResponseSpecificationImpl$HamcrestAssertionClosure.validate(ResponseSpecificationImpl.groovy:493)
	at io.restassured.internal.ResponseSpecificationImpl$HamcrestAssertionClosure$validate$1.call(Unknown Source)
	at io.restassured.internal.ResponseSpecificationImpl.validateResponseIfRequired(ResponseSpecificationImpl.groovy:671)
	at java.base/jdk.internal.reflect.NativeMethodAccessorImpl.invoke0(Native Method)
	at java.base/jdk.internal.reflect.NativeMethodAccessorImpl.invoke(NativeMethodAccessorImpl.java:62)
	at java.base/jdk.internal.reflect.DelegatingMethodAccessorImpl.invoke(DelegatingMethodAccessorImpl.java:43)
	at java.base/java.lang.reflect.Method.invoke(Method.java:567)
	at org.codehaus.groovy.runtime.callsite.PlainObjectMetaMethodSite.doInvoke(PlainObjectMetaMethodSite.java:43)
	at org.codehaus.groovy.runtime.callsite.PogoMetaMethodSite$PogoCachedMethodSiteNoUnwrapNoCoerce.invoke(PogoMetaMethodSite.java:190)
	at org.codehaus.groovy.runtime.callsite.PogoMetaMethodSite.callCurrent(PogoMetaMethodSite.java:58)
	at org.codehaus.groovy.runtime.callsite.AbstractCallSite.callCurrent(AbstractCallSite.java:168)
	at io.restassured.internal.ResponseSpecificationImpl.statusCode(ResponseSpecificationImpl.groovy:126)
	at io.restassured.specification.ResponseSpecification$statusCode$0.callCurrent(Unknown Source)
	at io.restassured.internal.ResponseSpecificationImpl.statusCode(ResponseSpecificationImpl.groovy:134)
	at io.restassured.internal.ValidatableResponseOptionsImpl.statusCode(ValidatableResponseOptionsImpl.java:89)
	at io.restassured.internal.ValidatableResponseImpl.super$2$statusCode(ValidatableResponseImpl.groovy)
	at java.base/jdk.internal.reflect.NativeMethodAccessorImpl.invoke0(Native Method)
	at java.base/jdk.internal.reflect.NativeMethodAccessorImpl.invoke(NativeMethodAccessorImpl.java:62)
	at java.base/jdk.internal.reflect.DelegatingMethodAccessorImpl.invoke(DelegatingMethodAccessorImpl.java:43)
	at java.base/java.lang.reflect.Method.invoke(Method.java:567)
	at org.codehaus.groovy.reflection.CachedMethod.invoke(CachedMethod.java:101)
	at groovy.lang.MetaMethod.doMethodInvoke(MetaMethod.java:323)
	at groovy.lang.MetaClassImpl.invokeMethod(MetaClassImpl.java:1217)
	at org.codehaus.groovy.runtime.ScriptBytecodeAdapter.invokeMethodOnSuperN(ScriptBytecodeAdapter.java:144)
	at io.restassured.internal.ValidatableResponseImpl.statusCode(ValidatableResponseImpl.groovy:142)
	at io.restassured.internal.ValidatableResponseImpl.statusCode(ValidatableResponseImpl.groovy)
	at ArvatoTst.StepDefs.i_get_user_by_id(StepDefs.java:150)
	at ✽.I get user by id 25 I get back user data(classpath:ArvatoTst/rest_service.feature:5)
</failure>
  </testcase>
  <testcase classname="REST service tests" name="create" time="0.798"/>
  <testcase classname="REST service tests" name="create" time="0.296"/>
  <testcase classname="REST service tests" name="update" time="0.266"/>
  <testcase classname="REST service tests" name="update" time="0.249"/>
  <testcase classname="REST service tests" name="update" time="0.278"/>
  <testcase classname="REST service tests" name="delete" time="0.25"/>
  <testcase classname="REST service tests" name="delete" time="0.237"/>
  <testcase classname="REST service tests" name="delete" time="0.264"/>
  <testcase classname="View open positions" name="open positions" time="5.805"/>
  <testcase classname="View open positions" name="open positions" time="3.691"/>
  <testcase classname="View open positions" name="open positions" time="3.112"/>
  <testcase classname="View open positions" name="open positions" time="3.881"/>
</testsuite>